Copyright 1986-2022 Xilinx, Inc. All Rights Reserved. Copyright 2022-2024 Advanced Micro Devices, Inc. All Rights Reserved.
-------------------------------------------------------------------------------------------------------------------------------------------------
| Tool Version     : Vivado v.2024.2.1 (win64) Build 5266912 Sun Dec 15 09:03:24 MST 2024
| Date             : Wed Apr 16 14:07:11 2025
| Host             : Romits-Laptop running 64-bit major release  (build 9200)
| Command          : report_power -file topmodule_power_routed.rpt -pb topmodule_power_summary_routed.pb -rpx topmodule_power_routed.rpx
| Design           : topmodule
| Device           : xc7a35tcpg236-1
| Design State     : routed
| Grade            : commercial
| Process          : typical
| Characterization : Production
-------------------------------------------------------------------------------------------------------------------------------------------------

Power Report

Table of Contents
-----------------
1. Summary
1.1 On-Chip Components
1.2 Power Supply Summary
1.3 Confidence Level
2. Settings
2.1 Environment
2.2 Clock Constraints
3. Detailed Reports
3.1 By Hierarchy

1. Summary
----------

+--------------------------+----------------------------------+
| Total On-Chip Power (W)  | 10.775 (Junction temp exceeded!) |
| Design Power Budget (W)  | Unspecified*                     |
| Power Budget Margin (W)  | NA                               |
| Dynamic (W)              | 10.592                           |
| Device Static (W)        | 0.183                            |
| Effective TJA (C/W)      | 5.2                              |
| Max Ambient (C)          | 29.1                             |
| Junction Temperature (C) | 85.9                             |
| Confidence Level         | Low                              |
| Setting File             | ---                              |
| Simulation Activity File | ---                              |
| Design Nets Matched      | NA                               |
+--------------------------+----------------------------------+
* Specify Design Power Budget using, set_operating_conditions -design_power_budget <value in Watts>


1.1 On-Chip Components
----------------------

+----------------+-----------+----------+-----------+-----------------+
| On-Chip        | Power (W) | Used     | Available | Utilization (%) |
+----------------+-----------+----------+-----------+-----------------+
| Slice Logic    |     0.933 |    26058 |       --- |             --- |
|   LUT as Logic |     0.856 |    11107 |     20800 |           53.40 |
|   CARRY4       |     0.035 |     1647 |      8150 |           20.21 |
|   Register     |     0.033 |     9845 |     41600 |           23.67 |
|   BUFG         |     0.006 |        2 |        32 |            6.25 |
|   F7/F8 Muxes  |     0.004 |      405 |     32600 |            1.24 |
|   Others       |     0.000 |      175 |       --- |             --- |
| Signals        |     1.644 |    23960 |       --- |             --- |
| Block RAM      |     0.168 |     12.5 |        50 |           25.00 |
| DSPs           |     0.000 |       76 |        90 |           84.44 |
| I/O            |     7.848 |       16 |       106 |           15.09 |
| Static Power   |     0.183 |          |           |                 |
| Total          |    10.775 |          |           |                 |
+----------------+-----------+----------+-----------+-----------------+


1.2 Power Supply Summary
------------------------

+-----------+-------------+-----------+-------------+------------+-------------+-------------+------------+
| Source    | Voltage (V) | Total (A) | Dynamic (A) | Static (A) | Powerup (A) | Budget (A)  | Margin (A) |
+-----------+-------------+-----------+-------------+------------+-------------+-------------+------------+
| Vccint    |       1.000 |     2.849 |       2.750 |      0.099 |       NA    | Unspecified | NA         |
| Vccaux    |       1.800 |     0.310 |       0.287 |      0.023 |       NA    | Unspecified | NA         |
| Vcco33    |       3.300 |     2.217 |       2.216 |      0.001 |       NA    | Unspecified | NA         |
| Vcco25    |       2.500 |     0.000 |       0.000 |      0.000 |       NA    | Unspecified | NA         |
| Vcco18    |       1.800 |     0.000 |       0.000 |      0.000 |       NA    | Unspecified | NA         |
| Vcco15    |       1.500 |     0.000 |       0.000 |      0.000 |       NA    | Unspecified | NA         |
| Vcco135   |       1.350 |     0.000 |       0.000 |      0.000 |       NA    | Unspecified | NA         |
| Vcco12    |       1.200 |     0.000 |       0.000 |      0.000 |       NA    | Unspecified | NA         |
| Vccaux_io |       1.800 |     0.000 |       0.000 |      0.000 |       NA    | Unspecified | NA         |
| Vccbram   |       1.000 |     0.018 |       0.014 |      0.004 |       NA    | Unspecified | NA         |
| MGTAVcc   |       1.000 |     0.000 |       0.000 |      0.000 |       NA    | Unspecified | NA         |
| MGTAVtt   |       1.200 |     0.000 |       0.000 |      0.000 |       NA    | Unspecified | NA         |
| Vccadc    |       1.800 |     0.020 |       0.000 |      0.020 |       NA    | Unspecified | NA         |
+-----------+-------------+-----------+-------------+------------+-------------+-------------+------------+


1.3 Confidence Level
--------------------

+-----------------------------+------------+--------------------------------------------------------+--------------------------------------------------------------------------------------------------------------------+
| User Input Data             | Confidence | Details                                                | Action                                                                                                             |
+-----------------------------+------------+--------------------------------------------------------+--------------------------------------------------------------------------------------------------------------------+
| Design implementation state | High       | Design is routed                                       |                                                                                                                    |
| Clock nodes activity        | Low        | User specified less than 75% of clocks                 | Provide missing clock activity with a constraint file, simulation results or by editing the "By Clock Domain" view |
| I/O nodes activity          | Low        | More than 75% of inputs are missing user specification | Provide missing input activity with simulation results or by editing the "By Resource Type -> I/Os" view           |
| Internal nodes activity     | Medium     | User specified less than 25% of internal nodes         | Provide missing internal nodes activity with simulation results or by editing the "By Resource Type" views         |
| Device models               | High       | Device models are Production                           |                                                                                                                    |
|                             |            |                                                        |                                                                                                                    |
| Overall confidence level    | Low        |                                                        |                                                                                                                    |
+-----------------------------+------------+--------------------------------------------------------+--------------------------------------------------------------------------------------------------------------------+


2. Settings
-----------

2.1 Environment
---------------

+-----------------------+--------------------------+
| Ambient Temp (C)      | 30.0                     |
| ThetaJA (C/W)         | 5.2                      |
| Airflow (LFM)         | 250                      |
| Heat Sink             | low (Low Profile)        |
| ThetaSA (C/W)         | 4.6                      |
| Board Selection       | medium (10"x10")         |
| # of Board Layers     | 12to15 (12 to 15 Layers) |
| Board Temperature (C) | 25.0                     |
+-----------------------+--------------------------+


2.2 Clock Constraints
---------------------

+-------+--------+-----------------+
| Clock | Domain | Constraint (ns) |
+-------+--------+-----------------+


3. Detailed Reports
-------------------

3.1 By Hierarchy
----------------

+------------------------+-----------+
| Name                   | Power (W) |
+------------------------+-----------+
| topmodule              |    10.592 |
|   dct_inst             |     1.476 |
|     dct_process        |     0.307 |
|       mult1            |     0.069 |
|       mult2            |     0.142 |
|   original             |     0.294 |
|     U0                 |     0.294 |
|       inst_blk_mem_gen |     0.294 |
|   processed            |     0.213 |
|     U0                 |     0.213 |
|       inst_blk_mem_gen |     0.213 |
|   slow_clk             |     0.145 |
|   uut1                 |     0.160 |
|   uut2                 |     0.106 |
+------------------------+-----------+


