Copyright 1986-2019 Xilinx, Inc. All Rights Reserved.
--------------------------------------------------------------------------------------
| Tool Version : Vivado v.2019.2 (win64) Build 2708876 Wed Nov  6 21:40:23 MST 2019
| Date         : Wed Apr 16 21:11:43 2025
| Host         : LAPTOP-G38HQLEP running 64-bit major release  (build 9200)
| Command      : report_control_sets -verbose -file topmodule_control_sets_placed.rpt
| Design       : topmodule
| Device       : xc7a35t
--------------------------------------------------------------------------------------

Control Set Information

Table of Contents
-----------------
1. Summary
2. Histogram
3. Flip-Flop Distribution
4. Detailed Control Set Information

1. Summary
----------

+----------------------------------------------------------+-------+
|                          Status                          | Count |
+----------------------------------------------------------+-------+
| Total control sets                                       |   108 |
|    Minimum number of control sets                        |   108 |
|    Addition due to synthesis replication                 |     0 |
|    Addition due to physical synthesis replication        |     0 |
| Unused register locations in slices containing registers |   146 |
+----------------------------------------------------------+-------+
* Control sets can be merged at opt_design using control_set_merge or merge_equivalent_drivers
** Run report_qor_suggestions for automated merging and remapping suggestions


2. Histogram
------------

+--------------------+-------+
|       Fanout       | Count |
+--------------------+-------+
| Total control sets |   108 |
| >= 0 to < 4        |     3 |
| >= 4 to < 6        |     3 |
| >= 6 to < 8        |     4 |
| >= 8 to < 10       |    74 |
| >= 10 to < 12      |     1 |
| >= 12 to < 14      |     0 |
| >= 14 to < 16      |     6 |
| >= 16              |    17 |
+--------------------+-------+
* Control sets can be remapped at either synth_design or opt_design


3. Flip-Flop Distribution
-------------------------

+--------------+-----------------------+------------------------+-----------------+--------------+
| Clock Enable | Synchronous Set/Reset | Asynchronous Set/Reset | Total Registers | Total Slices |
+--------------+-----------------------+------------------------+-----------------+--------------+
| No           | No                    | No                     |              36 |           18 |
| No           | No                    | Yes                    |               8 |            2 |
| No           | Yes                   | No                     |              29 |            9 |
| Yes          | No                    | No                     |            5882 |         1714 |
| Yes          | No                    | Yes                    |            1344 |          357 |
| Yes          | Yes                   | No                     |            1491 |          520 |
+--------------+-----------------------+------------------------+-----------------+--------------+


4. Detailed Control Set Information
-----------------------------------

+----------------+-----------------------------------------------------------+----------------------------------------------------------+------------------+----------------+
|  Clock Signal  |                       Enable Signal                       |                     Set/Reset Signal                     | Slice Load Count | Bel Load Count |
+----------------+-----------------------------------------------------------+----------------------------------------------------------+------------------+----------------+
|  clk_IBUF_BUFG |                                                           | uut2/TxD_i_1_n_0                                         |                1 |              1 |
|  clk_IBUF_BUFG | uut1/ImRxComplete_i_1_n_0                                 |                                                          |                1 |              1 |
|  s_clk_BUFG    | dct_inst/block_count[7]_i_1_n_0                           | dct_inst/block_count[5]_i_1_n_0                          |                1 |              1 |
|  clk_IBUF_BUFG | uut2/bitcounter                                           | uut2/bitcounter[3]_i_1__0_n_0                            |                1 |              4 |
|  s_clk_BUFG    | dct_inst/state0                                           |                                                          |                2 |              4 |
|  clk_IBUF_BUFG | uut1/bitcounter                                           | uut1/bitcounter[3]_i_1_n_0                               |                1 |              4 |
|  clk_IBUF_BUFG | ena_top                                                   |                                                          |                2 |              6 |
|  clk_IBUF_BUFG | ena_processed_reg_n_0                                     |                                                          |                2 |              6 |
|  s_clk_BUFG    | dct_inst/CEA2                                             | dct_inst/pixel_count[5]_i_1_n_0                          |                2 |              6 |
|  s_clk_BUFG    | dct_inst/block_count[7]_i_1_n_0                           |                                                          |                3 |              6 |
|  s_clk_BUFG    | dct_inst/dct_block_in[591]_i_1_n_0                        | dct_inst/dct_block_out__0                                |                4 |              8 |
|  s_clk_BUFG    | dct_inst/dct_block_in[623]_i_1_n_0                        | dct_inst/dct_block_out__0                                |                3 |              8 |
|  clk_IBUF_BUFG | uut1/din[7]_i_1_n_0                                       |                                                          |                2 |              8 |
|  s_clk_BUFG    | dct_inst/dct_block_in[239]_i_1_n_0                        | dct_inst/dct_block_out__0                                |                2 |              8 |
|  s_clk_BUFG    | dct_inst/dct_block_in[671]_i_1_n_0                        | dct_inst/dct_block_out__0                                |                2 |              8 |
|  s_clk_BUFG    | dct_inst/dct_block_in[895]_i_1_n_0                        | dct_inst/dct_block_out__0                                |                3 |              8 |
|  s_clk_BUFG    | dct_inst/dct_block_in[47]_i_1_n_0                         | dct_inst/dct_block_out__0                                |                2 |              8 |
|  clk_IBUF_BUFG | dout_imtx[7]_i_1_n_0                                      |                                                          |                3 |              8 |
|  s_clk_BUFG    | dct_inst/dct_block_in[63]_i_1_n_0                         | dct_inst/dct_block_out__0                                |                3 |              8 |
|  s_clk_BUFG    | dct_inst/dct_block_in[447]_i_1_n_0                        | dct_inst/dct_block_out__0                                |                2 |              8 |
|  clk_IBUF_BUFG | ena_processed_i_1_n_0                                     | din_processed[7]_i_1_n_0                                 |                2 |              8 |
|  s_clk_BUFG    | dct_inst/dct_block_in[495]_i_1_n_0                        | dct_inst/dct_block_out__0                                |                2 |              8 |
|  s_clk_BUFG    | dct_inst/dct_block_in[655]_i_1_n_0                        | dct_inst/dct_block_out__0                                |                1 |              8 |
|  s_clk_BUFG    | dct_inst/dct_block_in[559]_i_1_n_0                        | dct_inst/dct_block_out__0                                |                1 |              8 |
|  s_clk_BUFG    |                                                           | dct_inst/process_reset                                   |                2 |              8 |
|  s_clk_BUFG    | dct_inst/dct_block_in[911]_i_1_n_0                        | dct_inst/dct_block_out__0                                |                2 |              8 |
|  s_clk_BUFG    | dct_inst/dct_block_in[223]_i_1_n_0                        | dct_inst/dct_block_out__0                                |                2 |              8 |
|  s_clk_BUFG    | dct_inst/dct_block_in[959]_i_1_n_0                        | dct_inst/dct_block_out__0                                |                1 |              8 |
|  s_clk_BUFG    | dct_inst/dct_block_in[975]_i_1_n_0                        | dct_inst/dct_block_out__0                                |                4 |              8 |
|  s_clk_BUFG    | dct_inst/dct_block_in[943]_i_1_n_0                        | dct_inst/dct_block_out__0                                |                2 |              8 |
|  s_clk_BUFG    | dct_inst/dct_block_in[95]_i_1_n_0                         | dct_inst/dct_block_out__0                                |                7 |              8 |
|  s_clk_BUFG    | dct_inst/dct_process/mult2/FSM_onehot_state[4]_i_1__0_n_0 | dct_inst/process_reset                                   |                3 |              8 |
|  s_clk_BUFG    | dct_inst/dct_block_in[927]_i_1_n_0                        | dct_inst/dct_block_out__0                                |                4 |              8 |
|  s_clk_BUFG    | dct_inst/dct_process/mult1/FSM_onehot_state[4]_i_1_n_0    | dct_inst/process_reset                                   |                3 |              8 |
|  s_clk_BUFG    | dct_inst/dct_block_in[991]_i_1_n_0                        | dct_inst/dct_block_out__0                                |                2 |              8 |
|  s_clk_BUFG    | dct_inst/wait_time[7]_i_1_n_0                             | dct_inst/wait_time                                       |                3 |              8 |
|  s_clk_BUFG    | dct_inst/dct_block_in[143]_i_1_n_0                        | dct_inst/dct_block_out__0                                |                3 |              8 |
|  s_clk_BUFG    | dct_inst/dct_block_in[271]_i_1_n_0                        | dct_inst/dct_block_out__0                                |                4 |              8 |
|  s_clk_BUFG    | dct_inst/dct_block_in[1007]_i_1_n_0                       | dct_inst/dct_block_out__0                                |                5 |              8 |
|  s_clk_BUFG    | dct_inst/dct_block_in[127]_i_1_n_0                        | dct_inst/dct_block_out__0                                |                2 |              8 |
|  s_clk_BUFG    | dct_inst/dct_block_in[191]_i_1_n_0                        | dct_inst/dct_block_out__0                                |                2 |              8 |
|  s_clk_BUFG    | dct_inst/dct_block_in[319]_i_1_n_0                        | dct_inst/dct_block_out__0                                |                3 |              8 |
|  s_clk_BUFG    | dct_inst/dct_block_in[351]_i_1_n_0                        | dct_inst/dct_block_out__0                                |                2 |              8 |
|  s_clk_BUFG    | dct_inst/dct_block_in[303]_i_1_n_0                        | dct_inst/dct_block_out__0                                |                2 |              8 |
|  s_clk_BUFG    | dct_inst/dct_block_in[479]_i_1_n_0                        | dct_inst/dct_block_out__0                                |                3 |              8 |
|  s_clk_BUFG    | dct_inst/dct_block_in[543]_i_1_n_0                        | dct_inst/dct_block_out__0                                |                3 |              8 |
|  s_clk_BUFG    | dct_inst/dct_block_in[575]_i_1_n_0                        | dct_inst/dct_block_out__0                                |                4 |              8 |
|  s_clk_BUFG    | dct_inst/dct_block_in[607]_i_1_n_0                        | dct_inst/dct_block_out__0                                |                2 |              8 |
|  s_clk_BUFG    | dct_inst/dct_block_in[639]_i_1_n_0                        | dct_inst/dct_block_out__0                                |                7 |              8 |
|  s_clk_BUFG    | dct_inst/dct_block_in[767]_i_1_n_0                        | dct_inst/dct_block_out__0                                |                2 |              8 |
|  s_clk_BUFG    | dct_inst/dct_block_in[415]_i_1_n_0                        | dct_inst/dct_block_out__0                                |                2 |              8 |
|  s_clk_BUFG    | dct_inst/dct_block_in[751]_i_1_n_0                        | dct_inst/dct_block_out__0                                |                5 |              8 |
|  s_clk_BUFG    | dct_inst/dct_block_in[399]_i_1_n_0                        | dct_inst/dct_block_out__0                                |                2 |              8 |
|  s_clk_BUFG    | dct_inst/dct_block_in[159]_i_1_n_0                        | dct_inst/dct_block_out__0                                |                4 |              8 |
|  s_clk_BUFG    | dct_inst/dct_block_in[831]_i_1_n_0                        | dct_inst/dct_block_out__0                                |                2 |              8 |
|  s_clk_BUFG    | dct_inst/dct_block_in[703]_i_1_n_0                        | dct_inst/dct_block_out__0                                |                3 |              8 |
|  s_clk_BUFG    | dct_inst/dct_block_in[207]_i_1_n_0                        | dct_inst/dct_block_out__0                                |                3 |              8 |
|  s_clk_BUFG    | dct_inst/dct_block_in[719]_i_1_n_0                        | dct_inst/dct_block_out__0                                |                2 |              8 |
|  s_clk_BUFG    | dct_inst/dct_block_in[799]_i_1_n_0                        | dct_inst/dct_block_out__0                                |                3 |              8 |
|  s_clk_BUFG    | dct_inst/dct_block_in[847]_i_1_n_0                        | dct_inst/dct_block_out__0                                |                2 |              8 |
|  s_clk_BUFG    | dct_inst/dct_block_in[431]_i_1_n_0                        | dct_inst/dct_block_out__0                                |                2 |              8 |
|  s_clk_BUFG    | dct_inst/dct_block_in[863]_i_1_n_0                        | dct_inst/dct_block_out__0                                |                2 |              8 |
|  s_clk_BUFG    | dct_inst/dct_block_in[335]_i_1_n_0                        | dct_inst/dct_block_out__0                                |                3 |              8 |
|  s_clk_BUFG    | dct_inst/dct_block_in[175]_i_1_n_0                        | dct_inst/dct_block_out__0                                |                2 |              8 |
|  s_clk_BUFG    | dct_inst/dct_block_in[367]_i_1_n_0                        | dct_inst/dct_block_out__0                                |                2 |              8 |
|  s_clk_BUFG    | dct_inst/dct_block_in[287]_i_1_n_0                        | dct_inst/dct_block_out__0                                |                1 |              8 |
|  s_clk_BUFG    | dct_inst/dct_block_in[463]_i_1_n_0                        | dct_inst/dct_block_out__0                                |                2 |              8 |
|  s_clk_BUFG    | dct_inst/dct_block_in[15]_i_1_n_0                         | dct_inst/dct_block_out__0                                |                2 |              8 |
|  s_clk_BUFG    | dct_inst/dct_block_in[31]_i_1_n_0                         | dct_inst/dct_block_out__0                                |                2 |              8 |
|  s_clk_BUFG    | dct_inst/dct_block_in[511]_i_1_n_0                        | dct_inst/dct_block_out__0                                |                2 |              8 |
|  s_clk_BUFG    | dct_inst/dct_block_in[111]_i_1_n_0                        | dct_inst/dct_block_out__0                                |                3 |              8 |
|  s_clk_BUFG    | dct_inst/dct_block_in[687]_i_1_n_0                        | dct_inst/dct_block_out__0                                |                2 |              8 |
|  s_clk_BUFG    | dct_inst/dct_block_in[735]_i_1_n_0                        | dct_inst/dct_block_out__0                                |                2 |              8 |
|  s_clk_BUFG    | dct_inst/dct_block_in[383]_i_1_n_0                        | dct_inst/dct_block_out__0                                |                2 |              8 |
|  s_clk_BUFG    | dct_inst/dct_block_in[783]_i_1_n_0                        | dct_inst/dct_block_out__0                                |                4 |              8 |
|  s_clk_BUFG    | dct_inst/dct_block_in[79]_i_1_n_0                         | dct_inst/dct_block_out__0                                |                2 |              8 |
|  s_clk_BUFG    | dct_inst/dct_block_in[815]_i_1_n_0                        | dct_inst/dct_block_out__0                                |                4 |              8 |
|  s_clk_BUFG    | dct_inst/dct_block_in[255]_i_1_n_0                        | dct_inst/dct_block_out__0                                |                2 |              8 |
|  s_clk_BUFG    | dct_inst/dct_block_in[527]_i_1_n_0                        | dct_inst/dct_block_out__0                                |                3 |              8 |
|  s_clk_BUFG    | dct_inst/dct_block_in[879]_i_1_n_0                        | dct_inst/dct_block_out__0                                |                3 |              8 |
|  s_clk_BUFG    | dct_inst/dct_block_in[1023]_i_1_n_0                       | dct_inst/dct_block_out__0                                |                2 |              8 |
|  clk_IBUF_BUFG | uut1/rxshiftreg[9]_i_1_n_0                                |                                                          |                3 |              9 |
|  clk_IBUF_BUFG | dout_dct_orig[7]_i_1_n_0                                  |                                                          |                3 |              9 |
|  s_clk_BUFG    |                                                           |                                                          |                9 |              9 |
|  clk_IBUF_BUFG | uut2/rightshiftreg                                        |                                                          |                2 |             10 |
|  clk_IBUF_BUFG |                                                           | uut1/counter[0]_i_1__0_n_0                               |                4 |             14 |
|  clk_IBUF_BUFG |                                                           | uut2/counter[0]_i_1__1_n_0                               |                4 |             14 |
|  clk_IBUF_BUFG | uut1/addr1[13]_i_1_n_0                                    |                                                          |                4 |             14 |
|  s_clk_BUFG    | dct_inst/overall_pixel[0]_i_1_n_0                         | dct_inst/dct_block_out__0                                |                4 |             14 |
|  s_clk_BUFG    | dct_inst/orig_addr[13]_i_1_n_0                            | dct_inst/dct_block_out__0                                |                3 |             14 |
|  clk_IBUF_BUFG | uut2/address                                              |                                                          |                4 |             15 |
|  clk_IBUF_BUFG | ena_processed_i_1_n_0                                     |                                                          |                4 |             17 |
|  s_clk_BUFG    | dct_inst/CEP                                              | dct_inst/dct_block_out__0                                |               10 |             23 |
|  clk_IBUF_BUFG | wea_top                                                   |                                                          |                5 |             24 |
|  s_clk_BUFG    | dct_inst/dct_process/mult2/k[3]_i_1__0_n_0                | dct_inst/process_reset                                   |               11 |             27 |
|  clk_IBUF_BUFG |                                                           |                                                          |                9 |             27 |
|  s_clk_BUFG    | dct_inst/dct_process/mult1/k[3]_i_1_n_0                   | dct_inst/process_reset                                   |               18 |             42 |
|  s_clk_BUFG    | dct_inst/dct_process/mult1/FSM_sequential_state_reg[1][0] | dct_inst/dct_process/mult1/FSM_sequential_state_reg[1]_0 |               38 |            224 |
|  s_clk_BUFG    | dct_inst/dct_process/mult1/FSM_sequential_state_reg[1][0] |                                                          |               52 |            289 |
|  s_clk_BUFG    | dct_inst/dct_process/mult1/matB[0][0][15]_i_1_n_0         |                                                          |              128 |            517 |
|  s_clk_BUFG    | dct_inst/dct_process/mult1/Q[0]                           | dct_inst/process_reset                                   |              144 |            558 |
|  s_clk_BUFG    | dct_inst/dct_process/mult2/C[1023]_i_1_n_0                |                                                          |              218 |            673 |
|  s_clk_BUFG    | dct_inst/dct_process/mult2/E[0]                           |                                                          |              267 |            673 |
|  s_clk_BUFG    | dct_inst/wait_time                                        | dct_inst/dct_block_out__0                                |              285 |            673 |
|  s_clk_BUFG    | dct_inst/dct_process/mult2/Q[0]                           | dct_inst/process_reset                                   |              178 |            701 |
|  s_clk_BUFG    | dct_inst/dct_process/mult1/E[0]                           |                                                          |              330 |           1024 |
|  s_clk_BUFG    | dct_inst/dct_process/mult1/C[1023]_i_1__0_n_0             |                                                          |              244 |           1024 |
|  s_clk_BUFG    | dct_inst/dct_process/mult2/matA[0][0][15]_i_1_n_0         |                                                          |              435 |           1545 |
+----------------+-----------------------------------------------------------+----------------------------------------------------------+------------------+----------------+


